::1 - - [08/Nov/2018:13:47:03 +0530] "GET / HTTP/1.1" 200 868
::1 - - [08/Nov/2018:13:47:03 +0530] "GET /bitnami.css HTTP/1.1" 200 698
::1 - - [08/Nov/2018:13:47:03 +0530] "GET /img/sub_header_bg.png HTTP/1.1" 200 146
::1 - - [08/Nov/2018:13:47:03 +0530] "GET /img/header_bg.png HTTP/1.1" 200 147
::1 - - [08/Nov/2018:13:47:03 +0530] "GET /img/bitnami.png HTTP/1.1" 200 3738
::1 - - [08/Nov/2018:13:47:03 +0530] "GET /img/moodle.png HTTP/1.1" 200 3610
::1 - - [08/Nov/2018:13:47:04 +0530] "GET /favicon.ico HTTP/1.1" 200 1150
::1 - - [08/Nov/2018:13:47:06 +0530] "GET /moodle/ HTTP/1.1" 503 731
::1 - - [08/Nov/2018:13:52:54 +0530] "GET /moodle/ HTTP/1.1" 503 731
::1 - - [08/Nov/2018:13:53:34 +0530] "GET /moodle/ HTTP/1.1" 200 7288
::1 - - [08/Nov/2018:13:53:44 +0530] "GET /moodle/theme/yui_combo.php?rollup/3.17.2/yui-moodlesimple-min.css HTTP/1.1" 200 1035
::1 - - [08/Nov/2018:13:53:44 +0530] "GET /moodle/theme/styles.php/boost/1541492533_1541492693/all HTTP/1.1" 200 111435
::1 - - [08/Nov/2018:13:53:44 +0530] "GET /moodle/lib/javascript.php/1541492533/lib/requirejs/require.min.js HTTP/1.1" 200 6531
::1 - - [08/Nov/2018:13:53:44 +0530] "GET /moodle/lib/javascript.php/1541492533/lib/javascript-static.js HTTP/1.1" 200 6748
::1 - - [08/Nov/2018:13:53:45 +0530] "GET /bitnami/banner.js HTTP/1.1" 200 481
::1 - - [08/Nov/2018:13:53:45 +0530] "GET /bitnami/images/close.png HTTP/1.1" 200 2064
::1 - - [08/Nov/2018:13:53:45 +0530] "GET /moodle/theme/image.php/boost/core/1541492533/moodlelogo HTTP/1.1" 200 2297
::1 - - [08/Nov/2018:13:53:45 +0530] "GET /bitnami/images/corner-logo.png HTTP/1.1" 200 26352
::1 - - [08/Nov/2018:13:53:44 +0530] "GET /moodle/theme/yui_combo.php?rollup/3.17.2/yui-moodlesimple-min.js HTTP/1.1" 200 84392
::1 - - [08/Nov/2018:13:53:48 +0530] "GET /moodle/theme/yui_combo.php?m/1541492533/core/event/event-min.js&m/1541492533/filter_mathjaxloader/loader/loader-min.js HTTP/1.1" 200 825
::1 - - [08/Nov/2018:13:53:48 +0530] "GET /moodle/theme/font.php/boost/core/1541492533/fontawesome-webfont.woff2?v=4.7.0 HTTP/1.1" 200 77160
::1 - - [08/Nov/2018:13:53:48 +0530] "GET /moodle/theme/image.php/boost/theme/1541492533/favicon HTTP/1.1" 200 1150
::1 - - [08/Nov/2018:13:53:49 +0530] "GET /moodle/lib/requirejs.php/1541492533/core/first.js HTTP/1.1" 200 159828
::1 - - [08/Nov/2018:13:53:49 +0530] "GET /moodle/lib/javascript.php/1541492533/lib/jquery/jquery-3.2.1.min.js HTTP/1.1" 200 30081
::1 - - [08/Nov/2018:13:53:50 +0530] "GET /moodle/theme/yui_combo.php?3.17.2/event-mousewheel/event-mousewheel-min.js&3.17.2/event-resize/event-resize-min.js&3.17.2/event-hover/event-hover-min.js&3.17.2/event-touch/event-touch-min.js&3.17.2/event-move/event-move-min.js&3.17.2/event-flick/event-flick-min.js&3.17.2/event-valuechange/event-valuechange-min.js&3.17.2/event-tap/event-tap-min.js HTTP/1.1" 200 4808
::1 - - [08/Nov/2018:13:53:50 +0530] "POST /moodle/lib/ajax/service.php?sesskey=cF1fGEFyn0&info=core_fetch_notifications HTTP/1.1" 200 234
