[Tue Nov 06 13:37:57.274415 2018] [ssl:warn] [pid 7416:tid 672] AH01909: localhost:444:0 server certificate does NOT include an ID which matches the server name
[Tue Nov 06 13:37:57.524273 2018] [ssl:warn] [pid 7416:tid 672] AH01909: localhost:444:0 server certificate does NOT include an ID which matches the server name
[Tue Nov 06 13:37:57.915129 2018] [mpm_winnt:notice] [pid 7416:tid 672] AH00455: Apache/2.4.35 (Win32) OpenSSL/1.0.2p PHP/7.1.23 configured -- resuming normal operations
[Tue Nov 06 13:37:57.915129 2018] [mpm_winnt:notice] [pid 7416:tid 672] AH00456: Apache Lounge VC14 Server built: Sep 20 2018 13:45:32
[Tue Nov 06 13:37:57.915129 2018] [core:notice] [pid 7416:tid 672] AH00094: Command line: 'C:\\Bitnami\\moodle\\apache2\\bin\\httpd.exe -d C:/Bitnami/moodle/apache2 -f C:\\Bitnami\\moodle\\apache2\\conf\\httpd.conf'
[Tue Nov 06 13:37:58.040317 2018] [mpm_winnt:notice] [pid 7416:tid 672] AH00418: Parent: Created child process 5896
[Tue Nov 06 13:37:59.129588 2018] [ssl:warn] [pid 5896:tid 632] AH01909: localhost:444:0 server certificate does NOT include an ID which matches the server name
[Tue Nov 06 13:37:59.410774 2018] [ssl:warn] [pid 5896:tid 632] AH01909: localhost:444:0 server certificate does NOT include an ID which matches the server name
[Tue Nov 06 13:37:59.504501 2018] [mpm_winnt:notice] [pid 5896:tid 632] AH00354: Child: Starting 64 worker threads.
[Tue Nov 06 13:38:10.461913 2018] [mpm_winnt:notice] [pid 7416:tid 672] AH00422: Parent: Received shutdown signal -- Shutting down the server.
[Tue Nov 06 13:38:12.478429 2018] [mpm_winnt:notice] [pid 5896:tid 632] AH00364: Child: All worker threads have exited.
[Tue Nov 06 13:38:12.556536 2018] [mpm_winnt:notice] [pid 7416:tid 672] AH00430: Parent: Child process 5896 exited successfully.
[Tue Nov 06 13:38:15.149664 2018] [ssl:warn] [pid 6924:tid 668] AH01909: localhost:444:0 server certificate does NOT include an ID which matches the server name
[Tue Nov 06 13:38:15.399604 2018] [ssl:warn] [pid 6924:tid 668] AH01909: localhost:444:0 server certificate does NOT include an ID which matches the server name
[Tue Nov 06 13:38:15.759206 2018] [mpm_winnt:notice] [pid 6924:tid 668] AH00455: Apache/2.4.35 (Win32) OpenSSL/1.0.2p PHP/7.1.23 configured -- resuming normal operations
[Tue Nov 06 13:38:15.759206 2018] [mpm_winnt:notice] [pid 6924:tid 668] AH00456: Apache Lounge VC14 Server built: Sep 20 2018 13:45:32
[Tue Nov 06 13:38:15.759206 2018] [core:notice] [pid 6924:tid 668] AH00094: Command line: 'C:\\Bitnami\\moodle\\apache2\\bin\\httpd.exe -d C:/Bitnami/moodle/apache2 -f C:\\Bitnami\\moodle\\apache2\\conf\\httpd.conf'
[Tue Nov 06 13:38:15.790666 2018] [mpm_winnt:notice] [pid 6924:tid 668] AH00418: Parent: Created child process 2600
[Tue Nov 06 13:38:16.637633 2018] [ssl:warn] [pid 2600:tid 600] AH01909: localhost:444:0 server certificate does NOT include an ID which matches the server name
[Tue Nov 06 13:38:16.857422 2018] [ssl:warn] [pid 2600:tid 600] AH01909: localhost:444:0 server certificate does NOT include an ID which matches the server name
[Tue Nov 06 13:38:16.888667 2018] [mpm_winnt:notice] [pid 2600:tid 600] AH00354: Child: Starting 64 worker threads.
[Tue Nov 06 13:55:32.249276 2018] [mpm_winnt:notice] [pid 6924:tid 668] AH00422: Parent: Received shutdown signal -- Shutting down the server.
[Tue Nov 06 13:55:34.279825 2018] [mpm_winnt:notice] [pid 2600:tid 600] AH00364: Child: All worker threads have exited.
[Tue Nov 06 13:55:34.326692 2018] [mpm_winnt:notice] [pid 6924:tid 668] AH00430: Parent: Child process 2600 exited successfully.
[Tue Nov 06 13:55:36.739287 2018] [ssl:warn] [pid 8580:tid 672] AH01909: localhost:444:0 server certificate does NOT include an ID which matches the server name
[Tue Nov 06 13:55:36.978025 2018] [ssl:warn] [pid 8580:tid 672] AH01909: localhost:444:0 server certificate does NOT include an ID which matches the server name
[Tue Nov 06 13:55:37.024889 2018] [mpm_winnt:notice] [pid 8580:tid 672] AH00455: Apache/2.4.35 (Win32) OpenSSL/1.0.2p PHP/7.1.23 configured -- resuming normal operations
[Tue Nov 06 13:55:37.024889 2018] [mpm_winnt:notice] [pid 8580:tid 672] AH00456: Apache Lounge VC14 Server built: Sep 20 2018 13:45:32
[Tue Nov 06 13:55:37.024889 2018] [core:notice] [pid 8580:tid 672] AH00094: Command line: 'C:\\Bitnami\\moodle\\apache2\\bin\\httpd.exe -d C:/Bitnami/moodle/apache2 -f C:\\Bitnami\\moodle\\apache2\\conf\\httpd.conf'
[Tue Nov 06 13:55:37.056205 2018] [mpm_winnt:notice] [pid 8580:tid 672] AH00418: Parent: Created child process 996
[Tue Nov 06 13:55:38.057927 2018] [ssl:warn] [pid 996:tid 596] AH01909: localhost:444:0 server certificate does NOT include an ID which matches the server name
[Tue Nov 06 13:55:38.234967 2018] [ssl:warn] [pid 996:tid 596] AH01909: localhost:444:0 server certificate does NOT include an ID which matches the server name
[Tue Nov 06 13:55:38.266206 2018] [mpm_winnt:notice] [pid 996:tid 596] AH00354: Child: Starting 64 worker threads.
[Thu Nov 08 11:54:12.101952 2018] [mpm_winnt:notice] [pid 8580:tid 672] AH00428: Parent: child process 996 exited with status 1 -- Restarting.
[Thu Nov 08 11:54:17.304060 2018] [ssl:warn] [pid 8580:tid 672] AH01909: localhost:444:0 server certificate does NOT include an ID which matches the server name
[Thu Nov 08 11:54:19.178435 2018] [mpm_winnt:notice] [pid 8580:tid 672] AH00455: Apache/2.4.35 (Win32) OpenSSL/1.0.2p PHP/7.1.23 configured -- resuming normal operations
[Thu Nov 08 11:54:19.178435 2018] [mpm_winnt:notice] [pid 8580:tid 672] AH00456: Apache Lounge VC14 Server built: Sep 20 2018 13:45:32
[Thu Nov 08 11:54:19.178435 2018] [core:notice] [pid 8580:tid 672] AH00094: Command line: 'C:\\Bitnami\\moodle\\apache2\\bin\\httpd.exe -d C:/Bitnami/moodle/apache2 -f C:\\Bitnami\\moodle\\apache2\\conf\\httpd.conf'
[Thu Nov 08 11:54:19.240892 2018] [mpm_winnt:notice] [pid 8580:tid 672] AH00418: Parent: Created child process 4256
[Thu Nov 08 11:54:20.334383 2018] [ssl:warn] [pid 4256:tid 576] AH01909: localhost:444:0 server certificate does NOT include an ID which matches the server name
[Thu Nov 08 11:54:20.662430 2018] [ssl:warn] [pid 4256:tid 576] AH01909: localhost:444:0 server certificate does NOT include an ID which matches the server name
[Thu Nov 08 11:54:20.818648 2018] [mpm_winnt:notice] [pid 4256:tid 576] AH00354: Child: Starting 64 worker threads.
[Thu Nov 08 13:54:52.253771 2018] [mpm_winnt:notice] [pid 8580:tid 672] AH00428: Parent: child process 4256 exited with status 1 -- Restarting.
[Thu Nov 08 13:54:53.750398 2018] [ssl:warn] [pid 8580:tid 672] AH01909: localhost:444:0 server certificate does NOT include an ID which matches the server name
[Thu Nov 08 13:54:54.415731 2018] [mpm_winnt:notice] [pid 8580:tid 672] AH00455: Apache/2.4.35 (Win32) OpenSSL/1.0.2p PHP/7.1.23 configured -- resuming normal operations
[Thu Nov 08 13:54:54.415731 2018] [mpm_winnt:notice] [pid 8580:tid 672] AH00456: Apache Lounge VC14 Server built: Sep 20 2018 13:45:32
[Thu Nov 08 13:54:54.415731 2018] [core:notice] [pid 8580:tid 672] AH00094: Command line: 'C:\\Bitnami\\moodle\\apache2\\bin\\httpd.exe -d C:/Bitnami/moodle/apache2 -f C:\\Bitnami\\moodle\\apache2\\conf\\httpd.conf'
[Thu Nov 08 13:54:54.431322 2018] [mpm_winnt:notice] [pid 8580:tid 672] AH00418: Parent: Created child process 2644
[Thu Nov 08 13:54:55.406788 2018] [ssl:warn] [pid 2644:tid 540] AH01909: localhost:444:0 server certificate does NOT include an ID which matches the server name
[Thu Nov 08 13:54:55.609865 2018] [ssl:warn] [pid 2644:tid 540] AH01909: localhost:444:0 server certificate does NOT include an ID which matches the server name
[Thu Nov 08 13:54:55.641108 2018] [mpm_winnt:notice] [pid 2644:tid 540] AH00354: Child: Starting 64 worker threads.
