2018-11-06T08:05:33.166133Z 0 [Warning] TIMESTAMP with implicit DEFAULT value is deprecated. Please use --explicit_defaults_for_timestamp server option (see documentation for more details).
2018-11-06T08:05:37.748238Z 0 [Warning] InnoDB: New log files created, LSN=45790
2018-11-06T08:05:38.681143Z 0 [Warning] InnoDB: Creating foreign key constraint system tables.
2018-11-06T08:05:39.272797Z 0 [Warning] No existing UUID has been found, so we assume that this is the first time that this server has been started. Generating a new UUID: bfba9d6b-e19a-11e8-a3d9-ace2d36092f1.
2018-11-06T08:05:39.420808Z 0 [Warning] Gtid table is not ready to be used. Table 'mysql.gtid_executed' cannot be opened.
2018-11-06T08:05:39.463429Z 1 [Warning] root@localhost is created with an empty password ! Please consider switching off the --initialize-insecure option.
2018-11-06T08:06:14.790213Z 0 [Warning] TIMESTAMP with implicit DEFAULT value is deprecated. Please use --explicit_defaults_for_timestamp server option (see documentation for more details).
2018-11-06T08:06:14.790320Z 0 [Note] --secure-file-priv is set to NULL. Operations related to importing and exporting data are disabled
2018-11-06T08:06:14.790770Z 0 [Note] C:\Bitnami\moodle\mysql\bin\mysqld.exe (mysqld 5.7.23) starting as process 768 ...
2018-11-06T08:06:14.801333Z 0 [Note] InnoDB: Mutexes and rw_locks use Windows interlocked functions
2018-11-06T08:06:14.802173Z 0 [Note] InnoDB: Uses event mutexes
2018-11-06T08:06:14.803021Z 0 [Note] InnoDB: Memory barrier is not used
2018-11-06T08:06:14.803623Z 0 [Note] InnoDB: Compressed tables use zlib 1.2.3
2018-11-06T08:06:14.804780Z 0 [Note] InnoDB: Number of pools: 1
2018-11-06T08:06:14.805656Z 0 [Note] InnoDB: Not using CPU crc32 instructions
2018-11-06T08:06:14.809522Z 0 [Note] InnoDB: Initializing buffer pool, total size = 128M, instances = 1, chunk size = 128M
2018-11-06T08:06:14.820133Z 0 [Note] InnoDB: Completed initialization of buffer pool
2018-11-06T08:06:14.990048Z 0 [Note] InnoDB: Highest supported file format is Barracuda.
2018-11-06T08:06:15.402887Z 0 [Note] InnoDB: Creating shared tablespace for temporary tables
2018-11-06T08:06:15.404533Z 0 [Note] InnoDB: Setting file '.\ibtmp1' size to 12 MB. Physically writing the file full; Please wait ...
2018-11-06T08:06:15.961069Z 0 [Note] InnoDB: File '.\ibtmp1' size is now 12 MB.
2018-11-06T08:06:16.056395Z 0 [Note] InnoDB: 96 redo rollback segment(s) found. 96 redo rollback segment(s) are active.
2018-11-06T08:06:16.057366Z 0 [Note] InnoDB: 32 non-redo rollback segment(s) are active.
2018-11-06T08:06:16.058785Z 0 [Note] InnoDB: Waiting for purge to start
2018-11-06T08:06:16.132275Z 0 [Note] InnoDB: 5.7.23 started; log sequence number 2589672
2018-11-06T08:06:16.133514Z 0 [Note] InnoDB: Loading buffer pool(s) from C:\Bitnami\moodle\mysql\data\ib_buffer_pool
2018-11-06T08:06:16.242816Z 0 [Note] Plugin 'FEDERATED' is disabled.
2018-11-06T08:06:16.472700Z 0 [Warning] Failed to set up SSL because of the following SSL library error: SSL context is not usable without certificate and private key
2018-11-06T08:06:16.477473Z 0 [Note] Server hostname (bind-address): '127.0.0.1'; port: 3307
2018-11-06T08:06:16.524884Z 0 [Note]   - '127.0.0.1' resolves to '127.0.0.1';
2018-11-06T08:06:16.526165Z 0 [Note] Server socket created on IP: '127.0.0.1'.
2018-11-06T08:06:16.761396Z 0 [Note] InnoDB: Buffer pool(s) load completed at 181106 13:36:16
2018-11-06T08:06:16.817389Z 0 [Note] Event Scheduler: Loaded 0 events
2018-11-06T08:06:16.818844Z 0 [Note] C:\Bitnami\moodle\mysql\bin\mysqld.exe: ready for connections.
Version: '5.7.23'  socket: ''  port: 3307  MySQL Community Server (GPL)
2018-11-06T08:06:52.997628Z 0 [Note] C:\Bitnami\moodle\mysql\bin\mysqld.exe: Normal shutdown

2018-11-06T08:06:52.999266Z 0 [Note] Giving 0 client threads a chance to die gracefully
2018-11-06T08:06:53.000018Z 0 [Note] Shutting down slave threads
2018-11-06T08:06:53.000579Z 0 [Note] Forcefully disconnecting 0 remaining clients
2018-11-06T08:06:53.001268Z 0 [Note] Event Scheduler: Purging the queue. 0 events
2018-11-06T08:06:53.022136Z 0 [Note] Binlog end
2018-11-06T08:06:53.048086Z 0 [Note] Shutting down plugin 'ngram'
2018-11-06T08:06:53.048502Z 0 [Note] Shutting down plugin 'partition'
2018-11-06T08:06:53.048904Z 0 [Note] Shutting down plugin 'BLACKHOLE'
2018-11-06T08:06:53.049304Z 0 [Note] Shutting down plugin 'ARCHIVE'
2018-11-06T08:06:53.049692Z 0 [Note] Shutting down plugin 'PERFORMANCE_SCHEMA'
2018-11-06T08:06:53.050168Z 0 [Note] Shutting down plugin 'MRG_MYISAM'
2018-11-06T08:06:53.050576Z 0 [Note] Shutting down plugin 'MyISAM'
2018-11-06T08:06:53.050980Z 0 [Note] Shutting down plugin 'INNODB_SYS_VIRTUAL'
2018-11-06T08:06:53.051435Z 0 [Note] Shutting down plugin 'INNODB_SYS_DATAFILES'
2018-11-06T08:06:53.051895Z 0 [Note] Shutting down plugin 'INNODB_SYS_TABLESPACES'
2018-11-06T08:06:53.052365Z 0 [Note] Shutting down plugin 'INNODB_SYS_FOREIGN_COLS'
2018-11-06T08:06:53.052840Z 0 [Note] Shutting down plugin 'INNODB_SYS_FOREIGN'
2018-11-06T08:06:53.053288Z 0 [Note] Shutting down plugin 'INNODB_SYS_FIELDS'
2018-11-06T08:06:53.053730Z 0 [Note] Shutting down plugin 'INNODB_SYS_COLUMNS'
2018-11-06T08:06:53.054177Z 0 [Note] Shutting down plugin 'INNODB_SYS_INDEXES'
2018-11-06T08:06:53.054624Z 0 [Note] Shutting down plugin 'INNODB_SYS_TABLESTATS'
2018-11-06T08:06:53.055088Z 0 [Note] Shutting down plugin 'INNODB_SYS_TABLES'
2018-11-06T08:06:53.055528Z 0 [Note] Shutting down plugin 'INNODB_FT_INDEX_TABLE'
2018-11-06T08:06:53.055991Z 0 [Note] Shutting down plugin 'INNODB_FT_INDEX_CACHE'
2018-11-06T08:06:53.056455Z 0 [Note] Shutting down plugin 'INNODB_FT_CONFIG'
2018-11-06T08:06:53.056891Z 0 [Note] Shutting down plugin 'INNODB_FT_BEING_DELETED'
2018-11-06T08:06:53.057366Z 0 [Note] Shutting down plugin 'INNODB_FT_DELETED'
2018-11-06T08:06:53.057807Z 0 [Note] Shutting down plugin 'INNODB_FT_DEFAULT_STOPWORD'
2018-11-06T08:06:53.058378Z 0 [Note] Shutting down plugin 'INNODB_METRICS'
2018-11-06T08:06:53.059112Z 0 [Note] Shutting down plugin 'INNODB_TEMP_TABLE_INFO'
2018-11-06T08:06:53.059849Z 0 [Note] Shutting down plugin 'INNODB_BUFFER_POOL_STATS'
2018-11-06T08:06:53.060585Z 0 [Note] Shutting down plugin 'INNODB_BUFFER_PAGE_LRU'
2018-11-06T08:06:53.061314Z 0 [Note] Shutting down plugin 'INNODB_BUFFER_PAGE'
2018-11-06T08:06:53.061998Z 0 [Note] Shutting down plugin 'INNODB_CMP_PER_INDEX_RESET'
2018-11-06T08:06:53.062750Z 0 [Note] Shutting down plugin 'INNODB_CMP_PER_INDEX'
2018-11-06T08:06:53.063455Z 0 [Note] Shutting down plugin 'INNODB_CMPMEM_RESET'
2018-11-06T08:06:53.064147Z 0 [Note] Shutting down plugin 'INNODB_CMPMEM'
2018-11-06T08:06:53.064801Z 0 [Note] Shutting down plugin 'INNODB_CMP_RESET'
2018-11-06T08:06:53.065458Z 0 [Note] Shutting down plugin 'INNODB_CMP'
2018-11-06T08:06:53.066018Z 0 [Note] Shutting down plugin 'INNODB_LOCK_WAITS'
2018-11-06T08:06:53.066476Z 0 [Note] Shutting down plugin 'INNODB_LOCKS'
2018-11-06T08:06:53.066907Z 0 [Note] Shutting down plugin 'INNODB_TRX'
2018-11-06T08:06:53.067322Z 0 [Note] Shutting down plugin 'InnoDB'
2018-11-06T08:06:53.067946Z 0 [Note] InnoDB: FTS optimize thread exiting.
2018-11-06T08:06:53.068659Z 0 [Note] InnoDB: Starting shutdown...
2018-11-06T08:06:53.183758Z 0 [Note] InnoDB: Dumping buffer pool(s) to C:\Bitnami\moodle\mysql\data\ib_buffer_pool
2018-11-06T08:06:53.193995Z 0 [Note] InnoDB: Buffer pool(s) dump completed at 181106 13:36:53
2018-11-06T08:06:54.127387Z 0 [Note] InnoDB: Shutdown completed; log sequence number 2589725
2018-11-06T08:06:54.128258Z 0 [Note] InnoDB: Removed temporary tablespace data file: "ibtmp1"
2018-11-06T08:06:54.128805Z 0 [Note] Shutting down plugin 'MEMORY'
2018-11-06T08:06:54.129197Z 0 [Note] Shutting down plugin 'CSV'
2018-11-06T08:06:54.129564Z 0 [Note] Shutting down plugin 'sha256_password'
2018-11-06T08:06:54.129994Z 0 [Note] Shutting down plugin 'mysql_native_password'
2018-11-06T08:06:54.130635Z 0 [Note] Shutting down plugin 'binlog'
2018-11-06T08:06:54.131640Z 0 [Note] C:\Bitnami\moodle\mysql\bin\mysqld.exe: Shutdown complete

